<?xml version="1.0" encoding="UTF-8"?>
<testng-results skipped="0" failed="0" ignored="0" total="2" passed="2">
  <reporter-output>
  </reporter-output>
  <suite name="Default suite" duration-ms="47" started-at="2019-09-19T00:52:39Z" finished-at="2019-09-19T00:52:39Z">
    <groups>
    </groups>
    <test name="Default test" duration-ms="47" started-at="2019-09-19T00:52:39Z" finished-at="2019-09-19T00:52:39Z">
      <class name="test">
        <test-method status="PASS" signature="TestWord()[pri:0, instance:test@7823a2f9]" name="TestWord" duration-ms="13" started-at="2019-09-19T00:52:39Z" finished-at="2019-09-19T00:52:39Z">
          <reporter-output>
          </reporter-output>
        </test-method> <!-- TestWord -->
        <test-method status="PASS" signature="Testlength()[pri:0, instance:test@7823a2f9]" name="Testlength" duration-ms="1" started-at="2019-09-19T00:52:39Z" finished-at="2019-09-19T00:52:39Z">
          <reporter-output>
          </reporter-output>
        </test-method> <!-- Testlength -->
      </class> <!-- test -->
    </test> <!-- Default test -->
  </suite> <!-- Default suite -->
</testng-results>
